[dotenv@17.3.1] injecting env (3) from .env -- tip: ⚙️  override existing env vars with { override: true }
MongoDB Connected: ac-aobyypm-shard-00-02.p0xphxw.mongodb.net
Server running on port 5001
node:events:492
      throw er; // Unhandled 'error' event
      ^

Error: listen EADDRINUSE: address already in use :::5001
    at Server.setupListenHandle [as _listen2] (node:net:1872:16)
    at listenInCluster (node:net:1920:12)
    at Server.listen (node:net:2008:7)
    at Function.listen (c:\Users\82LN00A1IN\Desktop\visaeatsnew\vitaeatsecom\backend\node_modules\express\lib\application.js:605:24)
    at startServer (c:\Users\82LN00A1IN\Desktop\visaeatsnew\vitaeatsecom\backend\server.js:57:7)
    at process.processTicksAndRejections (node:internal/process/task_queues:95:5)
Emitted 'error' event on Server instance at:
    at emitErrorNT (node:net:1899:8)
    at process.processTicksAndRejections (node:internal/process/task_queues:82:21) {
  code: 'EADDRINUSE',
  errno: -4091,
  syscall: 'listen',
  address: '::',
  port: 5001
}

Node.js v20.10.0
